{
  "entries": [
    {
      "color": "blue", 
      "firstname": "Maurita", 
      "lastname": "Awong", 
      "phonenumber": "061-937-1243", 
      "zipcode": "15726"
    }, 
    {
      "color": "blue", 
      "firstname": "Hyo", 
      "lastname": "Ballentine", 
      "phonenumber": "182-424-5300", 
      "zipcode": "21351"
    }, 
    {
      "color": "blue", 
      "firstname": "Darline", 
      "lastname": "Barbeau", 
      "phonenumber": "260-619-7450", 
      "zipcode": "11027"
    }, 
    {
      "color": "aqua marine", 
      "firstname": "Laurie", 
      "lastname": "Breland", 
      "phonenumber": "087-853-4995", 
      "zipcode": "44359"
    }, 
    {
      "color": "yellow", 
      "firstname": "Kelsi", 
      "lastname": "Butterfield", 
      "phonenumber": "967-196-4953", 
      "zipcode": "05644"
    }, 
    {
      "color": "red", 
      "firstname": "Clarinda", 
      "lastname": "Cadena", 
      "phonenumber": "666-621-7485", 
      "zipcode": "09517"
    }, 
    {
      "color": "red", 
      "firstname": "Kerri", 
      "lastname": "Chandler", 
      "phonenumber": "818-246-5061", 
      "zipcode": "32868"
    }, 
    {
      "color": "gray", 
      "firstname": "Mazie", 
      "lastname": "Chavis", 
      "phonenumber": "218-097-2208", 
      "zipcode": "48843"
    }, 
    {
      "color": "red", 
      "firstname": "Blair", 
      "lastname": "Clary", 
      "phonenumber": "463-118-2451", 
      "zipcode": "07256"
    }, 
    {
      "color": "yellow", 
      "firstname": "Armand", 
      "lastname": "Davis", 
      "phonenumber": "240-736-4719", 
      "zipcode": "64320"
    }, 
    {
      "color": "red", 
      "firstname": "Kent", 
      "lastname": "Demming", 
      "phonenumber": "622-720-0550", 
      "zipcode": "37820"
    }, 
    {
      "color": "pink", 
      "firstname": "Beata", 
      "lastname": "Dhillon", 
      "phonenumber": "843-661-4252", 
      "zipcode": "90022"
    }, 
    {
      "color": "pink", 
      "firstname": "Shanika", 
      "lastname": "Dodd", 
      "phonenumber": "940-761-0886", 
      "zipcode": "82733"
    }, 
    {
      "color": "pink", 
      "firstname": "Aura", 
      "lastname": "Eilers", 
      "phonenumber": "489-634-9504", 
      "zipcode": "39358"
    }, 
    {
      "color": "green", 
      "firstname": "Myrtice", 
      "lastname": "Ferro", 
      "phonenumber": "568-821-3874", 
      "zipcode": "95836"
    }, 
    {
      "color": "gray", 
      "firstname": "Prince", 
      "lastname": "Gabler", 
      "phonenumber": "645-200-7094", 
      "zipcode": "08291"
    }, 
    {
      "color": "blue", 
      "firstname": "Magaly", 
      "lastname": "Gregor", 
      "phonenumber": "698-513-7428", 
      "zipcode": "86286"
    }, 
    {
      "color": "aqua marine", 
      "firstname": "Mirian", 
      "lastname": "Hankey", 
      "phonenumber": "180-739-1295", 
      "zipcode": "22172"
    }, 
    {
      "color": "red", 
      "firstname": "Marita", 
      "lastname": "Haugland", 
      "phonenumber": "034-614-7966", 
      "zipcode": "21231"
    }, 
    {
      "color": "pink", 
      "firstname": "Robert", 
      "lastname": "Hood", 
      "phonenumber": "054-813-6030", 
      "zipcode": "47784"
    }, 
    {
      "color": "red", 
      "firstname": "Englebert G.", 
      "lastname": "Humperdink", 
      "phonenumber": "839-014-8051", 
      "zipcode": "36410"
    }, 
    {
      "color": "gray", 
      "firstname": "James", 
      "lastname": "Johnston", 
      "phonenumber": "628-102-3672", 
      "zipcode": "38410"
    }, 
    {
      "color": "blue", 
      "firstname": "Magan", 
      "lastname": "Leedy", 
      "phonenumber": "896-391-7308", 
      "zipcode": "48680"
    }, 
    {
      "color": "yellow", 
      "firstname": "Quinton", 
      "lastname": "Liptak", 
      "phonenumber": "653-889-7235", 
      "zipcode": "70703"
    }, 
    {
      "color": "blue", 
      "firstname": "Annalee", 
      "lastname": "Loftis", 
      "phonenumber": "905-329-2054", 
      "zipcode": "97296"
    }, 
    {
      "color": "pink", 
      "firstname": "Bernie", 
      "lastname": "Mallette", 
      "phonenumber": "859-924-2843", 
      "zipcode": "17300"
    }, 
    {
      "color": "gray", 
      "firstname": "Fatimah", 
      "lastname": "Mccaster", 
      "phonenumber": "854-345-7518", 
      "zipcode": "57693"
    }, 
    {
      "color": "blue", 
      "firstname": "Earlene", 
      "lastname": "Merryman", 
      "phonenumber": "305-987-8362", 
      "zipcode": "86258"
    }, 
    {
      "color": "blue", 
      "firstname": "Justin", 
      "lastname": "Miller", 
      "phonenumber": "657-743-7189", 
      "zipcode": "58979"
    }, 
    {
      "color": "pink", 
      "firstname": "Shela", 
      "lastname": "Mona", 
      "phonenumber": "986-283-6066", 
      "zipcode": "11198"
    }, 
    {
      "color": "pink", 
      "firstname": "Hung", 
      "lastname": "Moxley", 
      "phonenumber": "667-132-9000", 
      "zipcode": "93381"
    }, 
    {
      "color": "green", 
      "firstname": "Theo", 
      "lastname": "Parrish", 
      "phonenumber": "423-334-3136", 
      "zipcode": "60128"
    }, 
    {
      "color": "aqua marine", 
      "firstname": "Andy", 
      "lastname": "Patnaude", 
      "phonenumber": "612-712-8471", 
      "zipcode": "29198"
    }, 
    {
      "color": "pink", 
      "firstname": "Darcie", 
      "lastname": "Phoenix", 
      "phonenumber": "854-910-7619", 
      "zipcode": "55806"
    }, 
    {
      "color": "aqua marine", 
      "firstname": "Len", 
      "lastname": "Pollack", 
      "phonenumber": "642-573-6473", 
      "zipcode": "29868"
    }, 
    {
      "color": "yellow", 
      "firstname": "Jacques", 
      "lastname": "Renault", 
      "phonenumber": "157-348-8325", 
      "zipcode": "00328"
    }, 
    {
      "color": "blue", 
      "firstname": "Sabina", 
      "lastname": "Saltsman", 
      "phonenumber": "577-767-9995", 
      "zipcode": "81360"
    }, 
    {
      "color": "pink", 
      "firstname": "France", 
      "lastname": "Schuetz", 
      "phonenumber": "732-729-4104", 
      "zipcode": "09893"
    }, 
    {
      "color": "aqua marine", 
      "firstname": "Margarete", 
      "lastname": "Stickle", 
      "phonenumber": "805-612-0845", 
      "zipcode": "92493"
    }, 
    {
      "color": "blue", 
      "firstname": "Kristeen", 
      "lastname": "Swearingen", 
      "phonenumber": "238-440-6451", 
      "zipcode": "60460"
    }, 
    {
      "color": "aqua marine", 
      "firstname": "Ria", 
      "lastname": "Tillotson", 
      "phonenumber": "196-910-5548", 
      "zipcode": "97671"
    }, 
    {
      "color": "pink", 
      "firstname": "Gladis", 
      "lastname": "Tubb", 
      "phonenumber": "454-934-6454", 
      "zipcode": "73149"
    }, 
    {
      "color": "gray", 
      "firstname": "Reinaldo", 
      "lastname": "Vandermeer", 
      "phonenumber": "751-665-5618", 
      "zipcode": "76589"
    }, 
    {
      "color": "red", 
      "firstname": "Theodora", 
      "lastname": "Whipkey", 
      "phonenumber": "808-633-1734", 
      "zipcode": "54450"
    }, 
    {
      "color": "aqua marine", 
      "firstname": "George", 
      "lastname": "Won", 
      "phonenumber": "488-084-5794", 
      "zipcode": "97148"
    }, 
    {
      "color": "green", 
      "firstname": "Azzie", 
      "lastname": "Zabriskie", 
      "phonenumber": "110-574-1904", 
      "zipcode": "94339"
    }
  ], 
  "errors": [
    0, 
    5, 
    7, 
    15, 
    16, 
    29, 
    37, 
    38, 
    41, 
    43, 
    44, 
    45, 
    47, 
    48, 
    49, 
    56, 
    57, 
    62
  ]
}